<?xml version="1.0" encoding="UTF-8"?>
<!-- Generated by org.testng.reporters.JUnitXMLReporter -->
<testsuite hostname="DESKTOP-MJP0VL9" ignored="6" name="Test" tests="7" failures="0" timestamp="2021-11-02T13:02:00 IST" time="101.596" errors="0">
  <testcase name="searchProduct" time="25.612" classname="com.mindtree.runner.TC_SearchAndAddToCart_001"/>
  <testcase name="getProductDetails" time="14.845" classname="com.mindtree.runner.TC_GettingAProductDetails_002"/>
  <testcase name="readBlog" time="11.12" classname="com.mindtree.runner.TC_BlogReader_004"/>
  <testcase name="leaveAComment" time="4.331" classname="com.mindtree.runner.TC_BlogReader_004"/>
  <testcase name="searchDDTProduct" time="14.904" classname="com.mindtree.runner.TC_SearchingProductDDT_005"/>
  <testcase name="searchDDTProduct" time="14.59" classname="com.mindtree.runner.TC_SearchingProductDDT_005"/>
  <testcase name="searchDDTProduct" time="15.209" classname="com.mindtree.runner.TC_SearchingProductDDT_005"/>
  <testcase name="@AfterSuite tearDown" time="0.0" classname="com.mindtree.resusablecomponent.BaseClass">
    <ignored/>
  </testcase> <!-- @AfterSuite tearDown -->
  <testcase name="@AfterSuite tearDown" time="0.0" classname="com.mindtree.resusablecomponent.BaseClass">
    <ignored/>
  </testcase> <!-- @AfterSuite tearDown -->
  <testcase name="@AfterSuite tearDown" time="0.0" classname="com.mindtree.resusablecomponent.BaseClass">
    <ignored/>
  </testcase> <!-- @AfterSuite tearDown -->
  <testcase name="@BeforeSuite setup" time="0.0" classname="com.mindtree.resusablecomponent.BaseClass">
    <ignored/>
  </testcase> <!-- @BeforeSuite setup -->
  <testcase name="@BeforeSuite setup" time="0.0" classname="com.mindtree.resusablecomponent.BaseClass">
    <ignored/>
  </testcase> <!-- @BeforeSuite setup -->
  <testcase name="@BeforeSuite setup" time="0.0" classname="com.mindtree.resusablecomponent.BaseClass">
    <ignored/>
  </testcase> <!-- @BeforeSuite setup -->
</testsuite> <!-- Test -->
