<?xml version="1.0" encoding="UTF-8"?>
<testsuite xmlns:xsi="http://www.w3.org/2001/XMLSchema-instance" xsi:noNamespaceSchemaLocation="https://maven.apache.org/surefire/maven-surefire-plugin/xsd/surefire-test-report-3.0.xsd" version="3.0" name="TestSuite" time="107.709" tests="7" errors="0" skipped="0" failures="0">
  <properties>
[...]
</properties>
  <testcase name="searchProduct" classname="com.mindtree.runner.TC_SearchAndAddToCart_001" time="25.592">
    <system-out><![CDATA[11-02-2021 13:00:27 TC_SearchAndAddToCart_001.java INFO  [main] framework1_v1 18 - Url is opened
11-02-2021 13:00:28 TC_SearchAndAddToCart_001.java INFO  [main] framework1_v1 22 - Product name provided
11-02-2021 13:00:33 TC_SearchAndAddToCart_001.java INFO  [main] framework1_v1 24 - Clicked on search
11-02-2021 13:00:44 ExtentUtils.java DEBUG [main] framework1_v1 19 - Able to add product in cart
]]></system-out>
    <system-err><![CDATA[log4j:ERROR Could not find value for key log4j.appender.CONSOLE
log4j:ERROR Could not instantiate appender named "CONSOLE".
log4j:ERROR Could not find value for key log4j.appender.CONSOLE
log4j:ERROR Could not instantiate appender named "CONSOLE".
Starting ChromeDriver 94.0.4606.41 (333e85df3c9b656b518b5f1add5ff246365b6c24-refs/branch-heads/4606@{#845}) on port 46107
Only local connections are allowed.
Please see https://chromedriver.chromium.org/security-considerations for suggestions on keeping ChromeDriver safe.
ChromeDriver was started successfully.
[1635838218.755][WARNING]: This version of ChromeDriver has not been tested with Chrome version 95.
Nov 02, 2021 1:00:18 PM org.openqa.selenium.remote.ProtocolHandshake createSession
INFO: Detected dialect: W3C
]]></system-err>
  </testcase>
  <testcase name="getProductDetails" classname="com.mindtree.runner.TC_GettingAProductDetails_002" time="14.847">
    <system-out><![CDATA[11-02-2021 13:00:50 TC_GettingAProductDetails_002.java INFO  [main] framework1_v1 16 - Url is opened
11-02-2021 13:00:53 TC_GettingAProductDetails_002.java INFO  [main] framework1_v1 24 - Clicked on a product ELOCALSHOP BOX - 10 books
Product Price is: Rs. 3,499.00
11-02-2021 13:00:58 TC_GettingAProductDetails_002.java INFO  [main] framework1_v1 28 - Got the price of product
Discount is: 71%
11-02-2021 13:00:58 TC_GettingAProductDetails_002.java INFO  [main] framework1_v1 32 - Got the discount on product
11-02-2021 13:00:58 ExtentUtils.java DEBUG [main] framework1_v1 19 - Able to fetch the Product details.
]]></system-out>
  </testcase>
  <testcase name="readBlog" classname="com.mindtree.runner.TC_BlogReader_004" time="11.138">
    <system-out><![CDATA[11-02-2021 13:01:03 TC_BlogReader_004.java INFO  [main] framework1_v1 16 - Url is opened
The festival of colours, Holi, is the most vibrant of all Hindu festivals. It marks the end of winter in India and welcomes the spring season. On this festive day, people play with colours, meet and greet one another and create new beginnings. But do you know the real reason why Holi is celebrated? Here’s all you need to know about this colourful festival and what you can look forward to during the upcoming Holi in India. The story of Holika Dahan Legend has it that once, there was a powerful king named Hiranyakashipu. He was a devil and was hated for his cruelty. He considered himself to be God and wanted everybody in his kingdom to worship him like one. However, his own son, Prahlada, was a devotee of Lord Vishnu and refused to worship his father. Angry with the disobedience of his son, Hiranyakashipu tried killing his son a number of times, but nothing worked. He then asked his evil sister, Holika, for help. Holika possessed a special power of being immune to fire. So, to kill Prahlada, she tricked him into sitting with her on a pyre. But due to her evil intentions, her power became ineffective and she was burned to ashes. On the other hand, Prahlada gained this immunity and was saved. This is why the first day of Holi is celebrated as Holika Dahan and symbolizes the victory of good over evil. In the region of Braj (where Lord Krishna grew up) in Uttar Pradesh, Holi is celebrated until the day of Rangpanchmi as a huge festival, in memory of the devotional love of Krishna and Radha. A local legend is associated with this as well. When Krishna was a baby, he acquired a distinctive blue skin colour after drinking the poisoned breast milk of the she-demon, Putana. Later, when he became young, he would often feel sad about whether the fair-coloured Radha or other girls in the village would ever like him because of his dark colour. Giving in to his desperation, Krishna’s mother asked him to go and colour Radha’s face with any colour he wanted to. So when Krishna applied colour to Radha, they both became a couple, and since then, people have started playing with colours on Holi. How is Holi celebrated in India Celebrating the colourful festival of Holi involves a number of rituals: Preparing the Holika pyre A few days prior to the festival, people start collecting wood and other inflammable things for the bonfire. The combustible materials are then gathered in a pyre in colonies, community centres, parks or other open spaces. On top of the pyre, an effigy of Holika is placed to be burned as per the legend. Holika Dahan The first day of the festival is celebrated as Holika Dahan or Chhoti Holi. After sunset, people gather around the pyre, perform puja (prayers) and then light it. People even sing and dance around the pyre, as it symbolizes the triumph of good over bad. Playing with colours The second day of Holi is called Rangwali Holi, Dhulandi, Dhulandi, Phagwah or Badi Holi. This is the day when people apply colours to one another, party and enjoy. Children and youngsters play in groups with dry colours called abir or gulal, pichkaris (water guns), water balloons filled with coloured solutions and other creative things. You might even find groups of people with drums and other musical instruments on streets, dancing and singing their way from one place to another.
11-02-2021 13:01:09 ExtentUtils.java DEBUG [main] framework1_v1 19 - Blog read Successfully
]]></system-out>
  </testcase>
  <testcase name="leaveAComment" classname="com.mindtree.runner.TC_BlogReader_004" time="4.314">
    <system-out><![CDATA[11-02-2021 13:01:14 ExtentUtils.java DEBUG [main] framework1_v1 19 - Comment has been posted
]]></system-out>
  </testcase>
  <testcase name="searchDDTProduct[The Secret](1)" classname="com.mindtree.runner.TC_SearchingProductDDT_005" time="14.907">
    <system-out><![CDATA[11-02-2021 13:01:19 TC_SearchingProductDDT_005.java INFO  [main] framework1_v1 21 - Url is opened
11-02-2021 13:01:19 TC_SearchingProductDDT_005.java INFO  [main] framework1_v1 25 - The Secretis entered into the searchBox
11-02-2021 13:01:23 TC_SearchingProductDDT_005.java INFO  [main] framework1_v1 27 - clicked on search
11-02-2021 13:01:29 TC_SearchingProductDDT_005.java INFO  [main] framework1_v1 31 - moving back
11-02-2021 13:01:29 ExtentUtils.java DEBUG [main] framework1_v1 19 - SearchDDT is done.
]]></system-out>
  </testcase>
  <testcase name="searchDDTProduct[Mobile Cover](2)" classname="com.mindtree.runner.TC_SearchingProductDDT_005" time="14.597">
    <system-out><![CDATA[11-02-2021 13:01:34 TC_SearchingProductDDT_005.java INFO  [main] framework1_v1 21 - Url is opened
11-02-2021 13:01:35 TC_SearchingProductDDT_005.java INFO  [main] framework1_v1 25 - Mobile Coveris entered into the searchBox
11-02-2021 13:01:38 TC_SearchingProductDDT_005.java INFO  [main] framework1_v1 27 - clicked on search
11-02-2021 13:01:44 TC_SearchingProductDDT_005.java INFO  [main] framework1_v1 31 - moving back
11-02-2021 13:01:44 ExtentUtils.java DEBUG [main] framework1_v1 19 - SearchDDT is done.
]]></system-out>
  </testcase>
  <testcase name="searchDDTProduct[Readers mug](3)" classname="com.mindtree.runner.TC_SearchingProductDDT_005" time="15.205">
    <system-out><![CDATA[11-02-2021 13:01:50 TC_SearchingProductDDT_005.java INFO  [main] framework1_v1 21 - Url is opened
11-02-2021 13:01:50 TC_SearchingProductDDT_005.java INFO  [main] framework1_v1 25 - Readers mugis entered into the searchBox
11-02-2021 13:01:54 TC_SearchingProductDDT_005.java INFO  [main] framework1_v1 27 - clicked on search
11-02-2021 13:02:00 TC_SearchingProductDDT_005.java INFO  [main] framework1_v1 31 - moving back
11-02-2021 13:02:00 ExtentUtils.java DEBUG [main] framework1_v1 19 - SearchDDT is done.
]]></system-out>
  </testcase>
</testsuite>