<?xml version="1.0" encoding="UTF-8"?>
<testng-results skipped="0" failed="1" ignored="0" total="1" passed="0">
  <reporter-output>
  </reporter-output>
  <suite name="Default suite" duration-ms="100" started-at="2021-11-02T12:58:23 IST" finished-at="2021-11-02T12:58:23 IST">
    <groups>
    </groups>
    <test name="Default test" duration-ms="100" started-at="2021-11-02T12:58:23 IST" finished-at="2021-11-02T12:58:23 IST">
      <class name="com.mindtree.runner.TC_GettingAProductDetails_002">
        <test-method status="PASS" signature="setup()[pri:0, instance:com.mindtree.runner.TC_GettingAProductDetails_002@60285225]" name="setup" is-config="true" duration-ms="3029" started-at="2021-11-02T12:58:20 IST" finished-at="2021-11-02T12:58:23 IST">
          <reporter-output>
          </reporter-output>
        </test-method> <!-- setup -->
        <test-method status="FAIL" signature="getProductDetails()[pri:0, instance:com.mindtree.runner.TC_GettingAProductDetails_002@60285225]" name="getProductDetails" duration-ms="16" started-at="2021-11-02T12:58:23 IST" finished-at="2021-11-02T12:58:23 IST">
          <exception class="java.lang.Error">
            <message>
              <![CDATA[Unresolved compilation problems: 
s cannot be resolved to a type
Duplicate local variable hm
Syntax error on token ".", ; expected
The method clickOnProductBookSet() is undefined for the type TC_GettingAProductDetails_002
]]>
            </message>
            <full-stacktrace>
              <![CDATA[java.lang.Error: Unresolved compilation problems: 
s cannot be resolved to a type
Duplicate local variable hm
Syntax error on token ".", ; expected
The method clickOnProductBookSet() is undefined for the type TC_GettingAProductDetails_002

at com.mindtree.runner.TC_GettingAProductDetails_002.getProductDetails(TC_GettingAProductDetails_002.java:21)
at sun.reflect.NativeMethodAccessorImpl.invoke0(Native Method)
at sun.reflect.NativeMethodAccessorImpl.invoke(Unknown Source)
at sun.reflect.DelegatingMethodAccessorImpl.invoke(Unknown Source)
at java.lang.reflect.Method.invoke(Unknown Source)
at org.testng.internal.MethodInvocationHelper.invokeMethod(MethodInvocationHelper.java:133)
at org.testng.internal.TestInvoker.invokeMethod(TestInvoker.java:598)
at org.testng.internal.TestInvoker.invokeTestMethod(TestInvoker.java:173)
at org.testng.internal.MethodRunner.runInSequence(MethodRunner.java:46)
at org.testng.internal.TestInvoker$MethodInvocationAgent.invoke(TestInvoker.java:824)
at org.testng.internal.TestInvoker.invokeTestMethods(TestInvoker.java:146)
at org.testng.internal.TestMethodWorker.invokeTestMethods(TestMethodWorker.java:146)
at org.testng.internal.TestMethodWorker.run(TestMethodWorker.java:128)
at java.util.ArrayList.forEach(Unknown Source)
at org.testng.TestRunner.privateRun(TestRunner.java:794)
at org.testng.TestRunner.run(TestRunner.java:596)
at org.testng.SuiteRunner.runTest(SuiteRunner.java:377)
at org.testng.SuiteRunner.runSequentially(SuiteRunner.java:371)
at org.testng.SuiteRunner.privateRun(SuiteRunner.java:332)
at org.testng.SuiteRunner.run(SuiteRunner.java:276)
at org.testng.SuiteRunnerWorker.runSuite(SuiteRunnerWorker.java:53)
at org.testng.SuiteRunnerWorker.run(SuiteRunnerWorker.java:96)
at org.testng.TestNG.runSuitesSequentially(TestNG.java:1212)
at org.testng.TestNG.runSuitesLocally(TestNG.java:1134)
at org.testng.TestNG.runSuites(TestNG.java:1063)
at org.testng.TestNG.run(TestNG.java:1031)
at org.testng.remote.AbstractRemoteTestNG.run(AbstractRemoteTestNG.java:115)
at org.testng.remote.RemoteTestNG.initAndRun(RemoteTestNG.java:251)
at org.testng.remote.RemoteTestNG.main(RemoteTestNG.java:77)
]]>
            </full-stacktrace>
          </exception> <!-- java.lang.Error -->
          <reporter-output>
          </reporter-output>
        </test-method> <!-- getProductDetails -->
        <test-method status="PASS" signature="afterMethod()[pri:0, instance:com.mindtree.runner.TC_GettingAProductDetails_002@60285225]" name="afterMethod" is-config="true" duration-ms="0" started-at="2021-11-02T12:58:23 IST" finished-at="2021-11-02T12:58:23 IST">
          <reporter-output>
          </reporter-output>
        </test-method> <!-- afterMethod -->
        <test-method status="PASS" signature="tearDown()[pri:0, instance:com.mindtree.runner.TC_GettingAProductDetails_002@60285225]" name="tearDown" is-config="true" duration-ms="1274" started-at="2021-11-02T12:58:23 IST" finished-at="2021-11-02T12:58:24 IST">
          <reporter-output>
          </reporter-output>
        </test-method> <!-- tearDown -->
      </class> <!-- com.mindtree.runner.TC_GettingAProductDetails_002 -->
    </test> <!-- Default test -->
  </suite> <!-- Default suite -->
</testng-results>
